0 info it worked if it ends with ok
1 verbose cli [ 'C:\\Program Files\\nodejs\\node.exe',
1 verbose cli   'C:\\Program Files\\nodejs\\node_modules\\npm\\bin\\npm-cli.js',
1 verbose cli   'start' ]
2 info using npm@3.8.3
3 info using node@v5.10.0
4 verbose run-script [ 'prestart', 'start', 'poststart' ]
5 info lifecycle slackIntegration@0.0.0~prestart: slackIntegration@0.0.0
6 silly lifecycle slackIntegration@0.0.0~prestart: no script for prestart, continuing
7 info lifecycle slackIntegration@0.0.0~start: slackIntegration@0.0.0
8 verbose lifecycle slackIntegration@0.0.0~start: unsafe-perm in lifecycle true
9 verbose lifecycle slackIntegration@0.0.0~start: PATH: C:\Program Files\nodejs\node_modules\npm\bin\node-gyp-bin;E:\Coding\slackIntegration\slackIntegration\node_modules\.bin;C:\Program Files\nodejs;C:\ImageMagick\ImageMagick-6.9.2-Q8;C:\ImageMagick;C:\WINDOWS\system32;C:\WINDOWS;C:\WINDOWS\System32\Wbem;C:\WINDOWS\System32\WindowsPowerShell\v1.0\;C:\Program Files\Git\cmd;C:\Program Files\Redis\;C:\Program Files\Microsoft Windows Performance Toolkit\;C:\Program Files\Microsoft\Web Platform Installer\;C:\Program Files (x86)\Microsoft ASP.NET\ASP.NET Web Pages\v1.0\;C:\Program Files (x86)\Windows Kits\8.0\Windows Performance Toolkit\;C:\Program Files\Microsoft SQL Server\110\Tools\Binn\;C:\Program Files\MATLAB\R2015b\bin;C:\Program Files\MATLAB\R2014b\runtime\win64;C:\Program Files\MATLAB\R2014b\bin;C:\Program Files (x86)\Heroku\bin;C:\Program Files (x86)\git\cmd;C:\Program Files (x86)\Skype\Phone\;C:\Program Files\nodejs\;C:\Ruby22-x64\bin;C:\Program Files\MongoDB\Server\3.2\bin;C:\MinGW\bin;C:\ImageMagick;C:\Python27;C:\Program Files (x86)\MSBuild\14.0\Bin;C:\Program Files (x86)\Microsoft Visual Studio 11.0\Xml\Schemas\1033\MSBuild;C:\Program Files (x86)\Microsoft VS Code\bin;C:\Users\pk\AppData\Roaming\npm
10 verbose lifecycle slackIntegration@0.0.0~start: CWD: E:\Coding\slackIntegration\slackIntegration
11 silly lifecycle slackIntegration@0.0.0~start: Args: [ '/d /s /c', 'node ./bin/www' ]
12 silly lifecycle slackIntegration@0.0.0~start: Returned: code: 1  signal: null
13 info lifecycle slackIntegration@0.0.0~start: Failed to exec start script
14 verbose stack Error: slackIntegration@0.0.0 start: `node ./bin/www`
14 verbose stack Exit status 1
14 verbose stack     at EventEmitter.<anonymous> (C:\Program Files\nodejs\node_modules\npm\lib\utils\lifecycle.js:239:16)
14 verbose stack     at emitTwo (events.js:100:13)
14 verbose stack     at EventEmitter.emit (events.js:185:7)
14 verbose stack     at ChildProcess.<anonymous> (C:\Program Files\nodejs\node_modules\npm\lib\utils\spawn.js:24:14)
14 verbose stack     at emitTwo (events.js:100:13)
14 verbose stack     at ChildProcess.emit (events.js:185:7)
14 verbose stack     at maybeClose (internal/child_process.js:850:16)
14 verbose stack     at Process.ChildProcess._handle.onexit (internal/child_process.js:215:5)
15 verbose pkgid slackIntegration@0.0.0
16 verbose cwd E:\Coding\slackIntegration\slackIntegration
17 error Windows_NT 10.0.10586
18 error argv "C:\\Program Files\\nodejs\\node.exe" "C:\\Program Files\\nodejs\\node_modules\\npm\\bin\\npm-cli.js" "start"
19 error node v5.10.0
20 error npm  v3.8.3
21 error code ELIFECYCLE
22 error slackIntegration@0.0.0 start: `node ./bin/www`
22 error Exit status 1
23 error Failed at the slackIntegration@0.0.0 start script 'node ./bin/www'.
23 error Make sure you have the latest version of node.js and npm installed.
23 error If you do, this is most likely a problem with the slackIntegration package,
23 error not with npm itself.
23 error Tell the author that this fails on your system:
23 error     node ./bin/www
23 error You can get information on how to open an issue for this project with:
23 error     npm bugs slackIntegration
23 error Or if that isn't available, you can get their info via:
23 error     npm owner ls slackIntegration
23 error There is likely additional logging output above.
24 verbose exit [ 1, true ]
